#
# There is insufficient memory for the Java Runtime Environment to continue.
# Native memory allocation (malloc) failed to allocate 417936 bytes for Chunk::new
# Possible reasons:
#   The system is out of physical RAM or swap space
#   The process is running with CompressedOops enabled, and the Java Heap may be blocking the growth of the native heap
# Possible solutions:
#   Reduce memory load on the system
#   Increase physical memory or swap space
#   Check if swap backing store is full
#   Decrease Java heap size (-Xmx/-Xms)
#   Decrease number of Java threads
#   Decrease Java thread stack sizes (-Xss)
#   Set larger code cache with -XX:ReservedCodeCacheSize=
#   JVM is running with Zero Based Compressed Oops mode in which the Java heap is
#     placed in the first 32GB address space. The Java Heap base address is the
#     maximum limit for the native heap growth. Please use -XX:HeapBaseMinAddress
#     to set the Java Heap base and to place the Java Heap above 32GB virtual address.
# This output file may be truncated or incomplete.
#
#  Out of Memory Error (allocation.cpp:389), pid=3076, tid=0x0000000000000f14
#
# JRE version: OpenJDK Runtime Environment (8.0_242-b01) (build 1.8.0_242-release-1644-b01)
# Java VM: OpenJDK 64-Bit Server VM (25.242-b01 mixed mode windows-amd64 compressed oops)
# Failed to write core dump. Minidumps are not enabled by default on client versions of Windows
#

---------------  T H R E A D  ---------------

Current thread (0x000000001e5cc800):  JavaThread "C2 CompilerThread2" daemon [_thread_in_native, id=3860, stack(0x000000001f0b0000,0x000000001f1b0000)]

Stack: [0x000000001f0b0000,0x000000001f1b0000]
[error occurred during error reporting (printing stack bounds), id 0xc0000005]

Native frames: (J=compiled Java code, j=interpreted, Vv=VM code, C=native code)


Current CompileTask:
C2:   4375 3450   !   4       org.jetbrains.kotlin.metadata.ProtoBuf$Type::<init> (875 bytes)


---------------  P R O C E S S  ---------------

Java Threads: ( => current thread )
  0x000000001e600000 JavaThread "Service Thread" daemon [_thread_blocked, id=11388, stack(0x000000001f2b0000,0x000000001f3b0000)]
  0x000000001e5d1800 JavaThread "C1 CompilerThread3" daemon [_thread_in_vm, id=22268, stack(0x000000001f1b0000,0x000000001f2b0000)]
=>0x000000001e5cc800 JavaThread "C2 CompilerThread2" daemon [_thread_in_native, id=3860, stack(0x000000001f0b0000,0x000000001f1b0000)]
  0x000000001e5be000 JavaThread "C2 CompilerThread1" daemon [_thread_in_native, id=6616, stack(0x000000001efb0000,0x000000001f0b0000)]
  0x000000001e5bb000 JavaThread "C2 CompilerThread0" daemon [_thread_in_native, id=20832, stack(0x000000001eeb0000,0x000000001efb0000)]
  0x000000001e5b8800 JavaThread "Attach Listener" daemon [_thread_blocked, id=14228, stack(0x000000001edb0000,0x000000001eeb0000)]
  0x000000001e5b7800 JavaThread "Signal Dispatcher" daemon [_thread_blocked, id=14896, stack(0x000000001ecb0000,0x000000001edb0000)]
  0x000000001c7c3000 JavaThread "Finalizer" daemon [_thread_blocked, id=23976, stack(0x000000001ea80000,0x000000001eb80000)]
  0x000000001e5a0800 JavaThread "Reference Handler" daemon [_thread_blocked, id=12356, stack(0x000000001e980000,0x000000001ea80000)]
  0x0000000002c2a800 JavaThread "main" [_thread_in_Java, id=12100, stack(0x0000000002b20000,0x0000000002c20000)]

Other Threads:
  0x000000001c7b5800 VMThread [stack: 0x000000001e480000,0x000000001e580000] [id=21924]
  0x000000001e600800 WatcherThread [stack: 0x000000001f3b0000,0x000000001f4b0000] [id=5432]

VM state:not at safepoint (normal execution)

VM Mutex/Monitor currently owned by a thread: None

heap address: 0x00000006c1c00000, size: 4068 MB, Compressed Oops mode: Zero based, Oop shift amount: 3
Narrow klass base: 0x0000000000000000, Narrow klass shift: 3
Compressed class space size: 1073741824 Address: 0x00000007c0000000

Heap:
 PSYoungGen      total 76288K, used 48015K [0x000000076b400000, 0x0000000770900000, 0x00000007c0000000)
  eden space 65536K, 73% used [0x000000076b400000,0x000000076e2e3e40,0x000000076f400000)
  from space 10752K, 0% used [0x000000076fe80000,0x000000076fe80000,0x0000000770900000)
  to   space 10752K, 0% used [0x000000076f400000,0x000000076f400000,0x000000076fe80000)
 ParOldGen       total 116224K, used 19953K [0x00000006c1c00000, 0x00000006c8d80000, 0x000000076b400000)
  object space 116224K, 17% used [0x00000006c1c00000,0x00000006c2f7c420,0x00000006c8d80000)
 Metaspace       used 37576K, capacity 38290K, committed 38528K, reserved 1083392K
  class space    used 4734K, capacity 4928K, committed 4992K, reserved 1048576K

Card table byte_map: [0x0000000012110000,0x0000000012910000] byte_map_base: 0x000000000eb02000

Marking Bits: (ParMarkBitMap*) 0x0000000065acf030
 Begin Bits: [0x0000000013660000, 0x00000000175f0000)
 End Bits:   [0x00000000175f0000, 0x000000001b580000)

Polling page: 0x0000000002d20000

CodeCache: size=245760Kb used=11294Kb max_used=11294Kb free=234465Kb
 bounds [0x0000000002d50000, 0x0000000003860000, 0x0000000011d50000]
 total_blobs=3937 nmethods=3496 adapters=354
 compilation: enabled

Compilation events (10 events):
Event: 4.369 Thread 0x000000001e5d1800 nmethod 3518 0x0000000003856c10 code [0x0000000003856d60, 0x0000000003856ed0]
Event: 4.369 Thread 0x000000001e5d1800 3455       1       org.jetbrains.kotlin.metadata.jvm.JvmProtoBuf$JvmMethodSignature::getName (5 bytes)
Event: 4.369 Thread 0x000000001e5d1800 nmethod 3455 0x0000000003856f50 code [0x00000000038570a0, 0x00000000038571b0]
Event: 4.369 Thread 0x000000001e5d1800 3513       1       org.jetbrains.kotlin.load.java.lazy.descriptors.JvmPackageScope::access$getPackageFragment$p (5 bytes)
Event: 4.369 Thread 0x000000001e5d1800 nmethod 3513 0x0000000003857210 code [0x0000000003857360, 0x0000000003857450]
Event: 4.369 Thread 0x000000001e5d1800 3519       3       org.jetbrains.kotlin.metadata.jvm.deserialization.UtfEncodingKt::stringsToBytes (204 bytes)
Event: 4.370 Thread 0x000000001e5d1800 nmethod 3519 0x00000000038574d0 code [0x00000000038576c0, 0x0000000003858058]
Event: 4.370 Thread 0x000000001e5d1800 3521       2       org.jetbrains.kotlin.protobuf.AbstractParser::checkMessageInitialized (28 bytes)
Event: 4.371 Thread 0x000000001e5d1800 nmethod 3521 0x0000000003858650 code [0x0000000003858800, 0x0000000003858be8]
Event: 4.371 Thread 0x000000001e5d1800 3523       2       org.jetbrains.kotlin.serialization.deserialization.descriptors.DeserializedMemberScope::<init> (861 bytes)

GC Heap History (10 events):
Event: 1.475 GC heap before
{Heap before GC invocations=2 (full 0):
 PSYoungGen      total 76288K, used 31045K [0x000000076b400000, 0x0000000770900000, 0x00000007c0000000)
  eden space 65536K, 30% used [0x000000076b400000,0x000000076c7d3e38,0x000000076f400000)
  from space 10752K, 99% used [0x000000076f400000,0x000000076fe7d6a8,0x000000076fe80000)
  to   space 10752K, 0% used [0x000000076fe80000,0x000000076fe80000,0x0000000770900000)
 ParOldGen       total 175104K, used 4671K [0x00000006c1c00000, 0x00000006cc700000, 0x000000076b400000)
  object space 175104K, 2% used [0x00000006c1c00000,0x00000006c208fe78,0x00000006cc700000)
 Metaspace       used 20670K, capacity 21130K, committed 21296K, reserved 1069056K
  class space    used 2442K, capacity 2596K, committed 2688K, reserved 1048576K
Event: 1.482 GC heap after
Heap after GC invocations=2 (full 0):
 PSYoungGen      total 76288K, used 9799K [0x000000076b400000, 0x0000000770900000, 0x00000007c0000000)
  eden space 65536K, 0% used [0x000000076b400000,0x000000076b400000,0x000000076f400000)
  from space 10752K, 91% used [0x000000076fe80000,0x0000000770811e60,0x0000000770900000)
  to   space 10752K, 0% used [0x000000076f400000,0x000000076f400000,0x000000076fe80000)
 ParOldGen       total 175104K, used 4743K [0x00000006c1c00000, 0x00000006cc700000, 0x000000076b400000)
  object space 175104K, 2% used [0x00000006c1c00000,0x00000006c20a1e88,0x00000006cc700000)
 Metaspace       used 20670K, capacity 21130K, committed 21296K, reserved 1069056K
  class space    used 2442K, capacity 2596K, committed 2688K, reserved 1048576K
}
Event: 1.482 GC heap before
{Heap before GC invocations=3 (full 1):
 PSYoungGen      total 76288K, used 9799K [0x000000076b400000, 0x0000000770900000, 0x00000007c0000000)
  eden space 65536K, 0% used [0x000000076b400000,0x000000076b400000,0x000000076f400000)
  from space 10752K, 91% used [0x000000076fe80000,0x0000000770811e60,0x0000000770900000)
  to   space 10752K, 0% used [0x000000076f400000,0x000000076f400000,0x000000076fe80000)
 ParOldGen       total 175104K, used 4743K [0x00000006c1c00000, 0x00000006cc700000, 0x000000076b400000)
  object space 175104K, 2% used [0x00000006c1c00000,0x00000006c20a1e88,0x00000006cc700000)
 Metaspace       used 20670K, capacity 21130K, committed 21296K, reserved 1069056K
  class space    used 2442K, capacity 2596K, committed 2688K, reserved 1048576K
Event: 1.509 GC heap after
Heap after GC invocations=3 (full 1):
 PSYoungGen      total 76288K, used 0K [0x000000076b400000, 0x0000000770900000, 0x00000007c0000000)
  eden space 65536K, 0% used [0x000000076b400000,0x000000076b400000,0x000000076f400000)
  from space 10752K, 0% used [0x000000076fe80000,0x000000076fe80000,0x0000000770900000)
  to   space 10752K, 0% used [0x000000076f400000,0x000000076f400000,0x000000076fe80000)
 ParOldGen       total 116224K, used 9469K [0x00000006c1c00000, 0x00000006c8d80000, 0x000000076b400000)
  object space 116224K, 8% used [0x00000006c1c00000,0x00000006c253f750,0x00000006c8d80000)
 Metaspace       used 20670K, capacity 21130K, committed 21296K, reserved 1069056K
  class space    used 2442K, capacity 2596K, committed 2688K, reserved 1048576K
}
Event: 2.806 GC heap before
{Heap before GC invocations=4 (full 1):
 PSYoungGen      total 76288K, used 65536K [0x000000076b400000, 0x0000000770900000, 0x00000007c0000000)
  eden space 65536K, 100% used [0x000000076b400000,0x000000076f400000,0x000000076f400000)
  from space 10752K, 0% used [0x000000076fe80000,0x000000076fe80000,0x0000000770900000)
  to   space 10752K, 0% used [0x000000076f400000,0x000000076f400000,0x000000076fe80000)
 ParOldGen       total 116224K, used 9469K [0x00000006c1c00000, 0x00000006c8d80000, 0x000000076b400000)
  object space 116224K, 8% used [0x00000006c1c00000,0x00000006c253f750,0x00000006c8d80000)
 Metaspace       used 29195K, capacity 29777K, committed 30080K, reserved 1075200K
  class space    used 3539K, capacity 3674K, committed 3712K, reserved 1048576K
Event: 2.818 GC heap after
Heap after GC invocations=4 (full 1):
 PSYoungGen      total 76288K, used 10731K [0x000000076b400000, 0x0000000770900000, 0x00000007c0000000)
  eden space 65536K, 0% used [0x000000076b400000,0x000000076b400000,0x000000076f400000)
  from space 10752K, 99% used [0x000000076f400000,0x000000076fe7afc0,0x000000076fe80000)
  to   space 10752K, 0% used [0x000000076fe80000,0x000000076fe80000,0x0000000770900000)
 ParOldGen       total 116224K, used 14638K [0x00000006c1c00000, 0x00000006c8d80000, 0x000000076b400000)
  object space 116224K, 12% used [0x00000006c1c00000,0x00000006c2a4b9e0,0x00000006c8d80000)
 Metaspace       used 29195K, capacity 29777K, committed 30080K, reserved 1075200K
  class space    used 3539K, capacity 3674K, committed 3712K, reserved 1048576K
}
Event: 3.450 GC heap before
{Heap before GC invocations=5 (full 1):
 PSYoungGen      total 76288K, used 39028K [0x000000076b400000, 0x0000000770900000, 0x00000007c0000000)
  eden space 65536K, 43% used [0x000000076b400000,0x000000076cfa22f8,0x000000076f400000)
  from space 10752K, 99% used [0x000000076f400000,0x000000076fe7afc0,0x000000076fe80000)
  to   space 10752K, 0% used [0x000000076fe80000,0x000000076fe80000,0x0000000770900000)
 ParOldGen       total 116224K, used 14638K [0x00000006c1c00000, 0x00000006c8d80000, 0x000000076b400000)
  object space 116224K, 12% used [0x00000006c1c00000,0x00000006c2a4b9e0,0x00000006c8d80000)
 Metaspace       used 34704K, capacity 35308K, committed 35496K, reserved 1081344K
  class space    used 4428K, capacity 4589K, committed 4608K, reserved 1048576K
Event: 3.458 GC heap after
Heap after GC invocations=5 (full 1):
 PSYoungGen      total 76288K, used 10741K [0x000000076b400000, 0x0000000770900000, 0x00000007c0000000)
  eden space 65536K, 0% used [0x000000076b400000,0x000000076b400000,0x000000076f400000)
  from space 10752K, 99% used [0x000000076fe80000,0x00000007708fd678,0x0000000770900000)
  to   space 10752K, 0% used [0x000000076f400000,0x000000076f400000,0x000000076fe80000)
 ParOldGen       total 116224K, used 18320K [0x00000006c1c00000, 0x00000006c8d80000, 0x000000076b400000)
  object space 116224K, 15% used [0x00000006c1c00000,0x00000006c2de4240,0x00000006c8d80000)
 Metaspace       used 34704K, capacity 35308K, committed 35496K, reserved 1081344K
  class space    used 4428K, capacity 4589K, committed 4608K, reserved 1048576K
}
Event: 3.458 GC heap before
{Heap before GC invocations=6 (full 2):
 PSYoungGen      total 76288K, used 10741K [0x000000076b400000, 0x0000000770900000, 0x00000007c0000000)
  eden space 65536K, 0% used [0x000000076b400000,0x000000076b400000,0x000000076f400000)
  from space 10752K, 99% used [0x000000076fe80000,0x00000007708fd678,0x0000000770900000)
  to   space 10752K, 0% used [0x000000076f400000,0x000000076f400000,0x000000076fe80000)
 ParOldGen       total 116224K, used 18320K [0x00000006c1c00000, 0x00000006c8d80000, 0x000000076b400000)
  object space 116224K, 15% used [0x00000006c1c00000,0x00000006c2de4240,0x00000006c8d80000)
 Metaspace       used 34704K, capacity 35308K, committed 35496K, reserved 1081344K
  class space    used 4428K, capacity 4589K, committed 4608K, reserved 1048576K
Event: 3.512 GC heap after
Heap after GC invocations=6 (full 2):
 PSYoungGen      total 76288K, used 0K [0x000000076b400000, 0x0000000770900000, 0x00000007c0000000)
  eden space 65536K, 0% used [0x000000076b400000,0x000000076b400000,0x000000076f400000)
  from space 10752K, 0% used [0x000000076fe80000,0x000000076fe80000,0x0000000770900000)
  to   space 10752K, 0% used [0x000000076f400000,0x000000076f400000,0x000000076fe80000)
 ParOldGen       total 116224K, used 19953K [0x00000006c1c00000, 0x00000006c8d80000, 0x000000076b400000)
  object space 116224K, 17% used [0x00000006c1c00000,0x00000006c2f7c420,0x00000006c8d80000)
 Metaspace       used 34704K, capacity 35308K, committed 35496K, reserved 1081344K
  class space    used 4428K, capacity 4589K, committed 4608K, reserved 1048576K
}

Deoptimization events (10 events):
Event: 3.811 Thread 0x0000000002c2a800 Uncommon trap: reason=unstable_if action=reinterpret pc=0x00000000035e1448 method=org.jetbrains.org.objectweb.asm.ClassReader.readUtf(II[C)Ljava/lang/String; @ 41
Event: 3.812 Thread 0x0000000002c2a800 Uncommon trap: reason=unstable_if action=reinterpret pc=0x00000000035b3e78 method=org.jetbrains.org.objectweb.asm.ClassReader.readUtf(II[C)Ljava/lang/String; @ 41
Event: 3.823 Thread 0x0000000002c2a800 Uncommon trap: reason=bimorphic action=maybe_recompile pc=0x000000000332bdc4 method=org.jetbrains.kotlin.protobuf.CodedInputStream.tryRefillBuffer(I)Z @ 177
Event: 3.827 Thread 0x0000000002c2a800 Uncommon trap: reason=bimorphic action=maybe_recompile pc=0x000000000332bdc4 method=org.jetbrains.kotlin.protobuf.CodedInputStream.tryRefillBuffer(I)Z @ 177
Event: 3.827 Thread 0x0000000002c2a800 Uncommon trap: reason=bimorphic action=maybe_recompile pc=0x000000000332bdc4 method=org.jetbrains.kotlin.protobuf.CodedInputStream.tryRefillBuffer(I)Z @ 177
Event: 3.828 Thread 0x0000000002c2a800 Uncommon trap: reason=bimorphic action=maybe_recompile pc=0x000000000332bdc4 method=org.jetbrains.kotlin.protobuf.CodedInputStream.tryRefillBuffer(I)Z @ 177
Event: 3.949 Thread 0x0000000002c2a800 Uncommon trap: reason=unstable_if action=reinterpret pc=0x000000000361ace0 method=kotlin.SynchronizedLazyImpl.getValue()Ljava/lang/Object; @ 9
Event: 4.248 Thread 0x0000000002c2a800 Uncommon trap: reason=bimorphic action=maybe_recompile pc=0x000000000314c264 method=java.util.HashMap.putVal(ILjava/lang/Object;Ljava/lang/Object;ZZ)Ljava/lang/Object; @ 203
Event: 4.248 Thread 0x0000000002c2a800 Uncommon trap: reason=bimorphic action=maybe_recompile pc=0x000000000314c264 method=java.util.HashMap.putVal(ILjava/lang/Object;Ljava/lang/Object;ZZ)Ljava/lang/Object; @ 203
Event: 4.248 Thread 0x0000000002c2a800 Uncommon trap: reason=bimorphic action=maybe_recompile pc=0x000000000314c264 method=java.util.HashMap.putVal(ILjava/lang/Object;Ljava/lang/Object;ZZ)Ljava/lang/Object; @ 203

Classes redefined (0 events):
No events

Internal exceptions (10 events):
Event: 1.390 Thread 0x0000000002c2a800 Exception <a 'java/lang/NoSuchMethodError': java.lang.Object.lambda$static$0(I)[Lorg/jetbrains/kotlin/com/intellij/psi/PsiAnnotation;> (0x000000076c1e9298) thrown at [C:\src\AOSP-openjdk-git\hotspot\src\share\vm\interpreter\linkResolver.cpp, line 620]
Event: 1.459 Thread 0x0000000002c2a800 Exception <a 'java/lang/NoSuchMethodError': java.lang.Object.lambda$static$0(I)[Lorg/jetbrains/kotlin/com/intellij/psi/PsiElement;> (0x000000076c6de7a8) thrown at [C:\src\AOSP-openjdk-git\hotspot\src\share\vm\interpreter\linkResolver.cpp, line 620]
Event: 1.862 Thread 0x0000000002c2a800 Implicit null exception at 0x0000000003154594 to 0x0000000003154801
Event: 1.864 Thread 0x0000000002c2a800 Implicit null exception at 0x000000000316d6fb to 0x000000000316dd7d
Event: 1.865 Thread 0x0000000002c2a800 Implicit null exception at 0x00000000030436ef to 0x0000000003043759
Event: 2.491 Thread 0x0000000002c2a800 Exception <a 'java/lang/ArrayIndexOutOfBoundsException': 126> (0x000000076e3a58d0) thrown at [C:\src\AOSP-openjdk-git\hotspot\src\share\vm\interpreter\interpreterRuntime.cpp, line 368]
Event: 2.491 Thread 0x0000000002c2a800 Exception <a 'java/lang/ArrayIndexOutOfBoundsException': 86> (0x000000076e3a6d58) thrown at [C:\src\AOSP-openjdk-git\hotspot\src\share\vm\interpreter\interpreterRuntime.cpp, line 368]
Event: 3.287 Thread 0x0000000002c2a800 Exception <a 'java/lang/NoSuchMethodError': java.lang.Object.lambda$static$0(I)[Lorg/jetbrains/kotlin/psi/KtExpression;> (0x000000076c8e81f8) thrown at [C:\src\AOSP-openjdk-git\hotspot\src\share\vm\interpreter\linkResolver.cpp, line 620]
Event: 3.771 Thread 0x0000000002c2a800 Exception <a 'java/lang/NoSuchMethodError': java.lang.Object.lambda$static$0(I)[Lorg/jetbrains/kotlin/psi/KtDeclaration;> (0x000000076befd5f8) thrown at [C:\src\AOSP-openjdk-git\hotspot\src\share\vm\interpreter\linkResolver.cpp, line 620]
Event: 4.198 Thread 0x0000000002c2a800 Exception <a 'java/lang/NoSuchMethodError': java.lang.Object.lambda$static$0(I)[Lorg/jetbrains/kotlin/psi/KtTypeElement;> (0x000000076d058d88) thrown at [C:\src\AOSP-openjdk-git\hotspot\src\share\vm\interpreter\linkResolver.cpp, line 620]

Events (10 events):
Event: 4.254 loading class org/jetbrains/kotlin/resolve/AnnotationChecker$Companion$TargetLists$T_VALUE_PARAMETER_WITH_VAL$1
Event: 4.254 loading class org/jetbrains/kotlin/resolve/AnnotationChecker$Companion$TargetLists$T_VALUE_PARAMETER_WITH_VAL$1 done
Event: 4.254 loading class org/jetbrains/kotlin/resolve/AnnotationChecker$Companion$TargetLists$T_LOCAL_FUNCTION$1
Event: 4.254 loading class org/jetbrains/kotlin/resolve/AnnotationChecker$Companion$TargetLists$T_LOCAL_FUNCTION$1 done
Event: 4.260 loading class org/jetbrains/kotlin/resolve/AnnotationChecker$Companion$TargetLists$T_MEMBER_FUNCTION$1
Event: 4.260 loading class org/jetbrains/kotlin/resolve/AnnotationChecker$Companion$TargetLists$T_MEMBER_FUNCTION$1 done
Event: 4.262 loading class org/jetbrains/kotlin/resolve/AnnotationChecker$Companion$TargetLists$T_TOP_LEVEL_FUNCTION$1
Event: 4.262 loading class org/jetbrains/kotlin/resolve/AnnotationChecker$Companion$TargetLists$T_TOP_LEVEL_FUNCTION$1 done
Event: 4.263 loading class org/jetbrains/kotlin/resolve/AnnotationChecker$Companion$TargetLists$T_TYPE_REFERENCE$1
Event: 4.263 loading class org/jetbrains/kotlin/resolve/AnnotationChecker$Companion$TargetLists$T_TYPE_REFERENCE$1 done


Dynamic libraries:
0x00007ff7cbac0000 - 0x00007ff7cbaf1000 	C:\Program Files\Android\Android Studio\jre\jre\bin\java.exe
0x00007ffd79490000 - 0x00007ffd79685000 	C:\WINDOWS\SYSTEM32\ntdll.dll
0x00007ffd792f0000 - 0x00007ffd793ad000 	C:\WINDOWS\System32\KERNEL32.DLL
0x00007ffd76fe0000 - 0x00007ffd772a8000 	C:\WINDOWS\System32\KERNELBASE.dll
0x00007ffd784d0000 - 0x00007ffd7857c000 	C:\WINDOWS\System32\ADVAPI32.dll
0x00007ffd793b0000 - 0x00007ffd7944e000 	C:\WINDOWS\System32\msvcrt.dll
0x00007ffd78430000 - 0x00007ffd784cb000 	C:\WINDOWS\System32\sechost.dll
0x00007ffd78e20000 - 0x00007ffd78f4b000 	C:\WINDOWS\System32\RPCRT4.dll
0x00007ffd78a80000 - 0x00007ffd78c20000 	C:\WINDOWS\System32\USER32.dll
0x00007ffd77360000 - 0x00007ffd77382000 	C:\WINDOWS\System32\win32u.dll
0x00007ffd78c80000 - 0x00007ffd78caa000 	C:\WINDOWS\System32\GDI32.dll
0x00007ffd76e00000 - 0x00007ffd76f0b000 	C:\WINDOWS\System32\gdi32full.dll
0x00007ffd76cd0000 - 0x00007ffd76d6d000 	C:\WINDOWS\System32\msvcp_win.dll
0x00007ffd76bd0000 - 0x00007ffd76cd0000 	C:\WINDOWS\System32\ucrtbase.dll
0x00007ffd63660000 - 0x00007ffd638fa000 	C:\WINDOWS\WinSxS\amd64_microsoft.windows.common-controls_6595b64144ccf1df_6.0.19041.844_none_ca00b6081b84eb1d\COMCTL32.dll
0x00007ffd78dc0000 - 0x00007ffd78df0000 	C:\WINDOWS\System32\IMM32.DLL
0x0000000067850000 - 0x0000000067922000 	C:\Program Files\Android\Android Studio\jre\jre\bin\msvcr100.dll
0x0000000065300000 - 0x0000000065b4b000 	C:\Program Files\Android\Android Studio\jre\jre\bin\server\jvm.dll
0x00007ffd775a0000 - 0x00007ffd775a8000 	C:\WINDOWS\System32\PSAPI.DLL
0x00007ffd633f0000 - 0x00007ffd63417000 	C:\WINDOWS\SYSTEM32\WINMM.dll
0x00007ffd6a8f0000 - 0x00007ffd6a8fa000 	C:\WINDOWS\SYSTEM32\VERSION.dll
0x00007ffd5f520000 - 0x00007ffd5f529000 	C:\WINDOWS\SYSTEM32\WSOCK32.dll
0x00007ffd78350000 - 0x00007ffd783bb000 	C:\WINDOWS\System32\WS2_32.dll
0x00007ffd66370000 - 0x00007ffd6637f000 	C:\Program Files\Android\Android Studio\jre\jre\bin\verify.dll
0x00007ffd66170000 - 0x00007ffd66199000 	C:\Program Files\Android\Android Studio\jre\jre\bin\java.dll
0x00007ffd64350000 - 0x00007ffd64366000 	C:\Program Files\Android\Android Studio\jre\jre\bin\zip.dll
0x00007ffd77ba0000 - 0x00007ffd782e2000 	C:\WINDOWS\System32\SHELL32.dll
0x00007ffd74d10000 - 0x00007ffd754a1000 	C:\WINDOWS\SYSTEM32\windows.storage.dll
0x00007ffd775b0000 - 0x00007ffd77905000 	C:\WINDOWS\System32\combase.dll
0x00007ffd76640000 - 0x00007ffd7666c000 	C:\WINDOWS\SYSTEM32\Wldp.dll
0x00007ffd774f0000 - 0x00007ffd7759e000 	C:\WINDOWS\System32\SHCORE.dll
0x00007ffd782f0000 - 0x00007ffd78345000 	C:\WINDOWS\System32\shlwapi.dll
0x00007ffd76b10000 - 0x00007ffd76b2f000 	C:\WINDOWS\SYSTEM32\profapi.dll
0x00007ffd64330000 - 0x00007ffd6434a000 	C:\Program Files\Android\Android Studio\jre\jre\bin\net.dll
0x00007ffd763b0000 - 0x00007ffd7641a000 	C:\WINDOWS\system32\mswsock.dll
0x00007ffd5bc60000 - 0x00007ffd5bc73000 	C:\Program Files\Android\Android Studio\jre\jre\bin\nio.dll

VM Arguments:
java_command: org.jetbrains.kotlin.cli.jvm.K2JVMCompiler -Xallow-no-source-files -classpath D:\Pin_it\app\build\intermediates\compile_and_runtime_not_namespaced_r_class_jar\debug\R.jar;C:\Users\gdegu\.gradle\caches\transforms-2\files-2.1\080d7b43015de594f526843fd018e15b\jetified-room-ktx-2.2.5-api.jar;C:\Users\gdegu\.gradle\caches\transforms-2\files-2.1\890ad49362e4083e76b79b5d39f81206\jetified-activity-ktx-1.1.0-api.jar;C:\Users\gdegu\.gradle\caches\transforms-2\files-2.1\71e429717eb69f683c6c547f35bb1b9c\jetified-lifecycle-viewmodel-ktx-2.2.0-api.jar;C:\Users\gdegu\.gradle\caches\transforms-2\files-2.1\2e6b203a412f869ecc7a352e503d4277\jetified-lifecycle-runtime-ktx-2.2.0-api.jar;C:\Users\gdegu\.gradle\caches\transforms-2\files-2.1\1a8d7cb05ca8d5a5ab60c436bbcbbcb1\jetified-kotlinx-coroutines-android-1.3.9.jar;C:\Users\gdegu\.gradle\caches\transforms-2\files-2.1\b2c0f95d44ed3cf5476d8533af74ab1a\jetified-lifecycle-livedata-ktx-2.2.0-api.jar;C:\Users\gdegu\.gradle\caches\transforms-2\files-2.1\56f093d9842f6f1511c8963a8f37c6cf\jetified-kotlinx-coroutines-core-jvm-1.3.9.jar;C:\Users\gdegu\.gradle\caches\transforms-2\files-2.1\6a761b28660446dc18b8b1342e80dd41\jetified-kotlin-stdlib-jdk7-1.3.72.jar;C:\Users\gdegu\.gradle\caches\transforms-2\files-2.1\e8dca2174c06df505dfac5e449e3eb5d\jetified-core-ktx-1.1.0-api.jar;C:\Users\gdegu\.gradle\caches\transforms-2\files-2.1\10729cbd1cfdf71c172fe28596787d06\jetified-lifecycle-livedata-core-ktx-2.2.0-api.jar;C:\Users\gdegu\.gradle\caches\transforms-2\files-2.1\9156b6f7e4383bfd77e33c625545092e\jetified-kotlin-stdlib-1.4.0.jar;C:\Users\gdegu\.gradle\caches\transforms-2\files-2.1\49602a0cfbb7acadf3785fed784d0a2b\jetified-kotlin-stdlib-common-1.4.0.jar;C:\Users\gdegu\.gradle\caches\transforms-2\files-2.1\9b00ae621c12c3bfedc3250e3d20a9f2\jetified-annotations-13.0.jar;C:\Users\gdegu\.gradle\caches\transforms-2\files-2.1\674ba6ed34a6517d74b7476c5af4304b\constraintlayout-2.0.2-api.jar;C:\Users\gdegu\.gradle\caches\transforms-2\files-2.1\8
java_class_path (initial): C:\Users\gdegu\.gradle\caches\modules-2\files-2.1\org.jetbrains.kotlin\kotlin-compiler-embeddable\1.3.72\fb72232c8fa977d5e07d33c43381ddbdc5edab6\kotlin-compiler-embeddable-1.3.72.jar;C:\Users\gdegu\.gradle\caches\modules-2\files-2.1\org.jetbrains.kotlin\kotlin-reflect\1.3.72\86613e1a669a701b0c660bfd2af4f82a7ae11fca\kotlin-reflect-1.3.72.jar;C:\Users\gdegu\.gradle\caches\modules-2\files-2.1\org.jetbrains.kotlin\kotlin-stdlib\1.3.72\8032138f12c0180bc4e51fe139d4c52b46db6109\kotlin-stdlib-1.3.72.jar;C:\Users\gdegu\.gradle\caches\modules-2\files-2.1\org.jetbrains.kotlin\kotlin-script-runtime\1.3.72\657d8d34d91e1964b4439378c09933e840bfe8d5\kotlin-script-runtime-1.3.72.jar;C:\Users\gdegu\.gradle\caches\modules-2\files-2.1\org.jetbrains.kotlin\kotlin-daemon-embeddable\1.3.72\53bbaa2816dbf6bdb85f629451b1fcc88f2164d2\kotlin-daemon-embeddable-1.3.72.jar;C:\Users\gdegu\.gradle\caches\modules-2\files-2.1\org.jetbrains.intellij.deps\trove4j\1.0.20181211\216c2e14b070f334479d800987affe4054cd563f\trove4j-1.0.20181211.jar;C:\Users\gdegu\.gradle\caches\modules-2\files-2.1\org.jetbrains.kotlin\kotlin-stdlib-common\1.3.72\6ca8bee3d88957eaaaef077c41c908c9940492d8\kotlin-stdlib-common-1.3.72.jar;C:\Users\gdegu\.gradle\caches\modules-2\files-2.1\org.jetbrains\annotations\13.0\919f0dfe192fb4e063e7dacadee7f8bb9a2672a9\annotations-13.0.jar;C:\Program Files\Android\Android Studio\jre\lib\tools.jar
Launcher Type: SUN_STANDARD

Environment Variables:
JAVA_HOME=C:\Program Files\Java\jdk1.8.0_271
PATH=C:\Program Files (x86)\Common Files\Oracle\Java\javapath;C:\Program Files (x86)\Common Files\Intel\Shared Libraries\redist\intel64\compiler;C:\Python27\;C:\Python27\Scripts;C:\ProgramData\Oracle\Java\javapath;C:\Program Files (x86)\Razer Chroma SDK\bin;C:\Program Files\Razer Chroma SDK\bin;C:\Program Files (x86)\Intel\iCLS Client\;C:\Program Files\Intel\iCLS Client\;C:\Windows\system32;C:\Windows;C:\Windows\System32\Wbem;C:\Windows\System32\WindowsPowerShell\v1.0\;C:\Program Files (x86)\NVIDIA Corporation\PhysX\Common;C:\Program Files (x86)\Intel\Intel(R) Management Engine Components\DAL;C:\Program Files\Intel\Intel(R) Management Engine Components\DAL;C:\Program Files (x86)\Intel\Intel(R) Management Engine Components\IPT;C:\Program Files\Intel\Intel(R) Management Engine Components\IPT;C:\Windows\system32\config\systemprofile\AppData\Local\Microsoft\WindowsApps;C:\WINDOWS\system32;C:\WINDOWS;C:\WINDOWS\System32\Wbem;C:\WINDOWS\System32\WindowsPowerShell\v1.0\;C:\Program Files (x86)\Brackets\command;C:\Program Files\Common Files\Autodesk Shared\;C:\Program Files (x86)\Autodesk\Backburner\;C:\WINDOWS\System32\OpenSSH\;C:\Program Files\PuTTY\;C:\Program Files\Intel\WiFi\bin\;C:\Program Files\Common Files\Intel\WirelessCommon\;C:\ProgramData\chocolatey\bin;C:\Program Files\NVIDIA Corporation\NVIDIA NvDLISR;C:\WINDOWS\system32;C:\WINDOWS;C:\WINDOWS\System32\Wbem;C:\WINDOWS\System32\WindowsPowerShell\v1.0\;C:\WINDOWS\System32\OpenSSH\;D:\Git\cmd;D:\Node.js\;C:\Program Files\dotnet\;C:\Users\gdegu\AppData\Local\Microsoft\WindowsApps;;D:\Microsoft VS Code\bin;C:\Users\gdegu\AppData\Roaming\npm;C:\Users\gdegu\.dotnet\tools
USERNAME=Gui
OS=Windows_NT
PROCESSOR_IDENTIFIER=Intel64 Family 6 Model 158 Stepping 9, GenuineIntel



---------------  S Y S T E M  ---------------

OS: Windows 10.0 , 64 bit Build 19041 (10.0.19041.928)

CPU:total 8 (initial active 8) (4 cores per cpu, 2 threads per core) family 6 model 158 stepping 9, cmov, cx8, fxsr, mmx, sse, sse2, sse3, ssse3, sse4.1, sse4.2, popcnt, avx, avx2, aes, clmul, erms, 3dnowpref, lzcnt, ht, tsc, tscinvbit, bmi1, bmi2, adx

Memory: 4k page, physical 16659220k(1100648k free), swap 26620692k(5136k free)

vm_info: OpenJDK 64-Bit Server VM (25.242-b01) for windows-amd64 JRE (1.8.0_242-release-1644-b01), built by "builder" with MS VC++ 10.0 (VS2010)

time: Wed May 05 18:05:29 2021
timezone: Hora de Verão de GMT
elapsed time: 4 seconds (0d 0h 0m 4s)

